make all --print-data-base --no-builtin-variables --no-builtin-rules --question
make: *** No rule to make target 'all'.  Stop.

# GNU Make 4.2.1
# Built for x86_64-pc-linux-gnu
# Copyright (C) 1988-2016 Free Software Foundation, Inc.
# License GPLv3+: GNU GPL version 3 or later <http://gnu.org/licenses/gpl.html>
# This is free software: you are free to change and redistribute it.
# There is NO WARRANTY, to the extent permitted by law.

# Make data base, printed on Sat Aug  6 17:42:39 2022

# Variables

# 'override' directive
GNUMAKEFLAGS := 
# automatic
<D = $(patsubst %/,%,$(dir $<))
# makefile (from 'Makefile', line 122)
KINCLUDE = kern/debug/ kern/driver/ kern/trap/ kern/mm/
# automatic
?F = $(notdir $?)
# environment
PAPERSIZE = a4
# environment
DESKTOP_SESSION = ubuntu
# default
.SHELLFLAGS := -c
# makefile (from 'Makefile', line 27)
QEMU := qemu-system-i386
# environment
XDG_SESSION_CLASS = user
# makefile (from 'tools/function.mk', line 92)
add_dependency = $(eval $(1): $(2))
# makefile (from 'Makefile', line 93)
create_target_cc = $(call create_target,$(1),$(2),$(3),$(CC),$(CFLAGS))
# environment
XDG_SESSION_TYPE = x11
# makefile (from 'Makefile', line 101)
asmfile = $(call cgtype,$(call toobj,$(1)),o,asm)
# automatic
?D = $(patsubst %/,%,$(dir $?))
# environment
IM_CONFIG_PHASE = 1
# automatic
@D = $(patsubst %/,%,$(dir $@))
# environment
XAUTHORITY = /run/user/1000/gdm/Xauthority
# environment
GDMSESSION = ubuntu
# environment
XMODIFIERS = @im=fcitx
# makefile
CURDIR := /home/yang/Documents/ucore_lab/labcodes/lab1
# makefile
SHELL = /bin/sh
# makefile (from 'Makefile', line 73)
RM := rm -f
# makefile (from 'Makefile', line 6)
V := @
# environment
VSCODE_NLS_CONFIG = {"locale":"zh-cn","availableLanguages":{"*":"zh-cn"},"_languagePackId":"1d735750dbb1b9066c7513078396ba0f.zh-cn","_translationsConfigFile":"/home/yang/.config/Code/clp/1d735750dbb1b9066c7513078396ba0f.zh-cn/tcf.json","_cacheRoot":"/home/yang/.config/Code/clp/1d735750dbb1b9066c7513078396ba0f.zh-cn","_resolvedLanguagePackCoreLocation":"/home/yang/.config/Code/clp/1d735750dbb1b9066c7513078396ba0f.zh-cn/da76f93349a72022ca4670c1b84860304616aaa2","_corruptedFile":"/home/yang/.config/Code/clp/1d735750dbb1b9066c7513078396ba0f.zh-cn/corrupted.info","_languagePackSupport":true}
# makefile (from 'Makefile', line 190)
ALLDEPS = $(ALLOBJS:.o=.d)
# environment
_ = /usr/share/code/code
# makefile (from 'tools/function.mk', line 79)
cc_compile = $(eval $(call do_cc_compile,$(1),$(2),$(3),$(4)))
# makefile (from 'Makefile', line 113)
CFLAGS := -fno-builtin -Wall -ggdb -m32 -gstabs -nostdinc  -fno-stack-protector -Ilibs/
# environment
JOURNAL_STREAM = 8:50318
# environment
XDG_CONFIG_DIRS = /etc/xdg/xdg-ubuntu:/etc/xdg
# makefile (from 'tools/function.mk', line 49)
define do_add_objs_to_packet
__temp_packet__ := $(call packetname,$(2))
ifeq ($$(origin $$(__temp_packet__)),undefined)
$$(__temp_packet__) :=
endif
$$(__temp_packet__) += $(1)
endef
# makefile (from 'tools/function.mk', line 33)
do_cc_compile = $$(foreach f,$(1),$$(eval $$(call cc_template,$$(f),$(2),$(3),$(4))))
# makefile (from 'obj/sign/tools/sign.d', line 1)
MAKEFILE_LIST :=  Makefile tools/function.mk obj/libs/string.d obj/libs/printfmt.d obj/kern/init/init.d obj/kern/libs/stdio.d obj/kern/libs/readline.d obj/kern/debug/panic.d obj/kern/debug/kdebug.d obj/kern/debug/kmonitor.d obj/kern/driver/clock.d obj/kern/driver/console.d obj/kern/driver/picirq.d obj/kern/driver/intr.d obj/kern/trap/trap.d obj/kern/trap/vectors.d obj/kern/trap/trapentry.d obj/kern/mm/pmm.d obj/boot/bootasm.d obj/boot/bootmain.d obj/sign/tools/sign.d
# automatic
@F = $(notdir $@)
# environment
GIO_LAUNCHED_DESKTOP_FILE = /usr/share/applications/code.desktop
# makefile (from 'tools/function.mk', line 38)
define do_add_files_to_packet
__temp_packet__ := $(call packetname,$(4))
ifeq ($$(origin $$(__temp_packet__)),undefined)
$$(__temp_packet__) :=
endif
__temp_objs__ := $(call toobj,$(1),$(5))
$$(foreach f,$(1),$$(eval $$(call cc_template,$$(f),$(2),$(3),$(5))))
$$(__temp_packet__) += $$(__temp_objs__)
endef
# environment
USERNAME = yang
# makefile (from 'Makefile', line 48)
HOSTCC := gcc
# environment
MAKELEVEL := 0
# makefile (from 'tools/function.mk', line 23)
define cc_template
$$(call todep,$(1),$(4)): $(1) | $$$$(dir $$$$@)
	@$(2) -I$$(dir $(1)) $(3) -MM $$< -MT "$$(patsubst %.d,%.o,$$@) $$@"> $$@
$$(call toobj,$(1),$(4)): $(1) | $$$$(dir $$$$@)
	@echo + cc $$<
	$(V)$(2) -I$$(dir $(1)) $(3) -c $$< -o $$@
ALLOBJS += $$(call toobj,$(1),$(4))
endef
# environment
XDG_DATA_DIRS = /usr/share/ubuntu:/usr/local/share/:/usr/share/:/var/lib/snapd/desktop
# makefile (from 'Makefile', line 70)
COPY := cp
# environment
DBUS_SESSION_BUS_ADDRESS = unix:path=/run/user/1000/bus
# makefile (from 'Makefile', line 74)
AWK := awk
# environment
MANAGERPID = 1557
# environment
CLUTTER_IM_MODULE = fcitx
# environment
LESSOPEN = | /usr/bin/lesspipe %s
# environment
LC_NAME = zh_CN.UTF-8
# environment
VSCODE_CWD = /home/yang
# default
MAKE_HOST := x86_64-pc-linux-gnu
# environment
PATH = /home/yang/.local/bin:/home/yang/.local/bin:/usr/local/sbin:/usr/local/bin:/usr/sbin:/usr/bin:/sbin:/bin:/usr/games:/usr/local/games:/snap/bin
# makefile (from 'Makefile', line 159)
bootblock = $(call totarget,bootblock)
# makefile (from 'Makefile', line 63)
LD := ld
# makefile (from 'Makefile', line 156)
bootfiles = $(call listf_cc,boot)
# makefile (from 'Makefile', line 192)
IGNORE_ALLDEPS = clean dist-clean grade touch print-.+ handin
# environment
GPG_AGENT_INFO = /run/user/1000/gnupg/S.gpg-agent:0:1
# environment
GJS_DEBUG_OUTPUT = stderr
# environment
SESSION_MANAGER = local/yang-Nitro-AN515-55:@/tmp/.ICE-unix/1791,unix/yang-Nitro-AN515-55:/tmp/.ICE-unix/1791
# makefile (from 'tools/function.mk', line 58)
define do_create_target
__temp_target__ = $(call totarget,$(1))
__temp_objs__ = $$(foreach p,$(call packetname,$(2)),$$($$(p))) $(3)
TARGETS += $$(__temp_target__)
ifneq ($(4),)
$$(__temp_target__): $$(__temp_objs__) | $$$$(dir $$$$@)
	$(V)$(4) $(5) $$^ -o $$@
else
$$(__temp_target__): $$(__temp_objs__) | $$$$(dir $$$$@)
endif
endef
# makefile (from 'Makefile', line 141)
kernel = $(call totarget,kernel)
# environment
XDG_RUNTIME_DIR = /run/user/1000
# makefile (from 'Makefile', line 100)
objfile = $(call toobj,$(1))
# makefile (from 'tools/function.mk', line 82)
add_files = $(eval $(call do_add_files_to_packet,$(1),$(2),$(3),$(4),$(5)))
# makefile (from 'Makefile', line 173)
__temp_packet__ := __objs_sign
# environment
XDG_MENU_PREFIX = gnome-
# environment
ELECTRON_RUN_AS_NODE = 1
# environment
INVOCATION_ID = db1e6c3e06b64b9cb3ca3bf2724a3453
# makefile (from 'Makefile', line 65)
LDFLAGS := -m    elf_i386 -nostdlib
# default
.FEATURES := target-specific order-only second-expansion else-if shortest-stem undefine oneshell archives jobserver output-sync check-symlink load
# environment
LS_COLORS = 
# environment
XDG_SESSION_DESKTOP = ubuntu
# environment
SSH_AUTH_SOCK = /run/user/1000/keyring/ssh
# environment
GIO_LAUNCHED_DESKTOP_FILE_PID = 191944
# makefile (from 'tools/function.mk', line 90)
read_packet = $(foreach p,$(call packetname,$(1)),$($(p)))
# automatic
%F = $(notdir $%)
# makefile (from 'Makefile', line 1)
PROJ := challenge
# environment
DISPLAY = :0
# makefile (from 'Makefile', line 233)
GRADE_GDB_IN := .gdb.in
# makefile (from 'Makefile', line 77)
TR := tr
# environment
GTK_IM_MODULE = fcitx
# makefile (from 'Makefile', line 2)
EMPTY := 
# environment
PWD = /home/yang/Documents/ucore_lab/labcodes/lab1
# makefile (from 'Makefile', line 49)
HOSTCFLAGS := -g -Wall -O2
# makefile (from 'Makefile', line 235)
HANDIN := projchallenge-handin.tar.gz
# default
.LOADED := 
# makefile (from 'Makefile', line 186)
__temp_target__ = bin/ucore.img
# environment
SSH_AGENT_PID = 1739
# makefile (from 'tools/function.mk', line 85)
add_objs = $(eval $(call do_add_objs_to_packet,$(1),$(2)))
# environment
ORIGINAL_XDG_CURRENT_DESKTOP = ubuntu:GNOME
# environment
GTK_MODULES = gail:atk-bridge
# environment
VSCODE_AMD_ENTRYPOINT = vs/workbench/api/node/extensionHostProcess
# environment
HOME = /home/yang
# makefile (from 'Makefile', line 4)
SLASH := /
# makefile (from 'Makefile', line 75)
SED := sed
# makefile (from 'Makefile', line 89)
listf_cc = $(call listf,$(1),$(CTYPE))
# makefile (from 'Makefile', line 106)
match = $(shell echo $(2) | $(AWK) '{for(i=1;i<=NF;i++){if(match("$(1)","^"$$(i)"$$")){exit 1;}}}'; echo $$?)
# environment
LESSCLOSE = /usr/bin/lesspipe %s %s
# environment
VSCODE_CODE_CACHE_PATH = /home/yang/.config/Code/CachedData/da76f93349a72022ca4670c1b84860304616aaa2
# makefile (from 'tools/function.mk', line 17)
totarget = $(addprefix $(BINDIR)$(SLASH),$(1))
# environment
LOGNAME = yang
# environment
APPLICATION_INSIGHTS_NO_DIAGNOSTIC_CHANNEL = true
# automatic
+F = $(notdir $+)
# environment
VSCODE_HANDLES_UNCAUGHT_ERRORS = true
# environment
GNOME_DESKTOP_SESSION_ID = this-is-deprecated
# automatic
^D = $(patsubst %/,%,$(dir $^))
# makefile (from 'Makefile', line 71)
MKDIR := mkdir -p
# makefile (from 'Makefile', line 136)
__objs_kernel :=  obj/kern/init/init.o obj/kern/libs/stdio.o obj/kern/libs/readline.o obj/kern/debug/panic.o obj/kern/debug/kdebug.o obj/kern/debug/kmonitor.o obj/kern/driver/clock.o obj/kern/driver/console.o obj/kern/driver/picirq.o obj/kern/driver/intr.o obj/kern/trap/trap.o obj/kern/trap/vectors.o obj/kern/trap/trapentry.o obj/kern/mm/pmm.o
# makefile (from 'Makefile', line 117)
__objs_libs :=  obj/libs/string.o obj/libs/printfmt.o
# environment
LC_TIME = zh_CN.UTF-8
# makefile (from 'Makefile', line 239)
MAKEOPTS := --quiet --no-print-directory
# default
MAKE = $(MAKE_COMMAND)
# default
MAKECMDGOALS := all
# environment
QT_IM_MODULE = fcitx
# makefile (from 'Makefile', line 138)
KOBJS = $(call read_packet,kernel libs)
# makefile (from 'Makefile', line 186)
__temp_objs__ = $(foreach p,__objs_,$($(p))) 
# environment
SHLVL = 0
# makefile (from 'Makefile', line 234)
GRADE_QEMU_OUT := .qemu.out
# makefile (from 'Makefile', line 81)
BINDIR := bin
# makefile (from 'Makefile', line 50)
CC := gcc
# environment
GNOME_SHELL_SESSION_MODE = ubuntu
# default
MAKE_VERSION := 4.2.1
# environment
USER = yang
# environment
LC_MONETARY = zh_CN.UTF-8
# makefile (from 'Makefile', line 207)
.DEFAULT_GOAL := TARGETS
# makefile (from 'tools/function.mk', line 20)
packetname = $(if $(1),$(addprefix $(OBJPREFIX),$(1)),$(OBJPREFIX))
# makefile (from 'Makefile', line 111)
INCLUDE = libs/
# environment
XDG_CURRENT_DESKTOP = Unity
# makefile (from 'Makefile', line 218)
TERMINAL := gnome-terminal
# makefile (from 'Makefile', line 99)
cgtype = $(patsubst %.$(2),%.$(3),$(1))
# makefile (from 'tools/function.mk', line 15)
todep = $(patsubst %.o,%.d,$(call toobj,$(1),$(2)))
# automatic
%D = $(patsubst %/,%,$(dir $%))
# environment
LC_TELEPHONE = zh_CN.UTF-8
# makefile (from 'Makefile', line 11)
GCCPREFIX := 
# default
MAKE_COMMAND := make
# makefile (from 'Makefile', line 115)
LIBDIR = libs
# makefile (from 'Makefile', line 134)
KCFLAGS = $(addprefix -I,$(KINCLUDE))
# default
.VARIABLES := 
# automatic
*F = $(notdir $*)
# environment
LANGUAGE = zh_CN:en
# environment
VSCODE_IPC_HOOK = /run/user/1000/vscode-2f33f200-1.70.0-main.sock
# makefile (from 'tools/function.mk', line 88)
create_target = $(eval $(call do_create_target,$(1),$(2),$(3),$(4),$(5)))
# makefile (from 'Makefile', line 61)
 
CTYPE := c S
# makefile (from 'Makefile', line 186)
TARGETS :=  bin/kernel bin/bootblock bin/sign bin/ucore.img
# makefile (from 'Makefile', line 96)
add_files_host = $(call add_files,$(1),$(HOSTCC),$(HOSTCFLAGS),$(2),$(3))
# makefile
MAKEFLAGS = pqrR
# environment
MFLAGS = -pqrR
# automatic
*D = $(patsubst %/,%,$(dir $*))
# makefile (from 'Makefile', line 179)
UCOREIMG := bin/ucore.img
# makefile (from 'Makefile', line 173)
__objs_sign :=  obj/sign/tools/sign.o
# automatic
+D = $(patsubst %/,%,$(dir $+))
# makefile (from 'Makefile', line 102)
outfile = $(call cgtype,$(call toobj,$(1)),o,out)
# makefile (from 'Makefile', line 68)
OBJDUMP := objdump
# environment
GDK_BACKEND = x11
# environment
LC_PAPER = zh_CN.UTF-8
# environment
QT_ACCESSIBILITY = 1
# makefile (from 'Makefile', line 103)
symfile = $(call cgtype,$(call toobj,$(1)),o,sym)
# makefile (from 'Makefile', line 92)
add_files_cc = $(call add_files,$(1),$(CC),$(CFLAGS) $(3),$(2),$(4))
# makefile (from 'tools/function.mk', line 71)
define do_finish_all
ALLDEPS = $$(ALLOBJS:.o=.d)
$$(sort $$(dir $$(ALLOBJS)) $(BINDIR)$(SLASH) $(OBJDIR)$(SLASH)):
	@$(MKDIR) $$@
endef
# 'override' directive
.SHELLSTATUS := 0
# default
MAKEFILES := 
# environment
LC_NUMERIC = zh_CN.UTF-8
# makefile (from 'Makefile', line 237)
TOUCH_FILES := kern/trap/trap.c
# automatic
<F = $(notdir $<)
# makefile (from 'Makefile', line 76)
SH := sh
# makefile (from 'Makefile', line 173)
ALLOBJS :=  obj/libs/string.o obj/libs/printfmt.o obj/kern/init/init.o obj/kern/libs/stdio.o obj/kern/libs/readline.o obj/kern/debug/panic.o obj/kern/debug/kdebug.o obj/kern/debug/kmonitor.o obj/kern/driver/clock.o obj/kern/driver/console.o obj/kern/driver/picirq.o obj/kern/driver/intr.o obj/kern/trap/trap.o obj/kern/trap/vectors.o obj/kern/trap/trapentry.o obj/kern/mm/pmm.o obj/boot/bootasm.o obj/boot/bootmain.o obj/sign/tools/sign.o
# makefile (from 'Makefile', line 80)
OBJDIR := obj
# makefile (from 'tools/function.mk', line 11)
toobj = $(addprefix $(OBJDIR)$(SLASH)$(if $(2),$(2)$(SLASH)), $(addsuffix .o,$(basename $(1))))
# environment
LC_MEASUREMENT = zh_CN.UTF-8
# environment
LC_ALL = C
# makefile (from 'tools/function.mk', line 94)
finish_all = $(eval $(call do_finish_all))
# environment
QT4_IM_MODULE = fcitx
# environment
GJS_DEBUG_TOPICS = JS ERROR;JS LOG
# automatic
^F = $(notdir $^)
# makefile (from 'Makefile', line 67)
OBJCOPY := objcopy
# makefile (from 'Makefile', line 72)
MV := mv
# default
SUFFIXES := 
# makefile (from 'tools/function.mk', line 1)
OBJPREFIX := __objs_
# makefile (from 'Makefile', line 3)
SPACE := $(subst ,, )
# environment
CHROME_DESKTOP = code-url-handler.desktop
# environment
WINDOWPATH = 2
# default
.INCLUDE_DIRS = /usr/include /usr/local/include /usr/include
# environment
LC_IDENTIFICATION = zh_CN.UTF-8
# default
.RECIPEPREFIX := 
# makefile (from 'Makefile', line 97)
create_target_host = $(call create_target,$(1),$(2),$(3),$(HOSTCC),$(HOSTCFLAGS))
# makefile (from 'Makefile', line 78)
TOUCH := touch -c
# environment
LC_ADDRESS = zh_CN.UTF-8
# makefile (from 'Makefile', line 127)
KSRCDIR = kern/init kern/libs kern/debug kern/driver kern/trap kern/mm
# makefile (from 'tools/function.mk', line 7)
listf = $(filter $(if $(2),$(addprefix %.,$(2)),%), $(wildcard $(addsuffix $(SLASH)*,$(1))))
# environment
LANG = C
# environment
VSCODE_PID = 191944
# variable set hash-table stats:
# Load=190/1024=19%, Rehash=0, Collisions=346/949=36%

# Pattern-specific Variable Values

# No pattern-specific variable values.

# Directories

# kern/libs (device 66311, inode 1982124): 4 files, no impossibilities.
# kern/debug (device 66311, inode 1982104): 9 files, no impossibilities.
# libs (device 66311, inode 1982137): 11 files, no impossibilities.
# . (device 66311, inode 1982096): 11 files, no impossibilities.
# kern/mm (device 66311, inode 1982127): 6 files, no impossibilities.
# boot (device 66311, inode 1982099): 5 files, no impossibilities.
# kern/trap (device 66311, inode 1982132): 6 files, no impossibilities.
# kern/driver (device 66311, inode 1982112): 11 files, no impossibilities.
# kern/init (device 66311, inode 1982122): 3 files, no impossibilities.

# 66 files, no impossibilities in 9 directories.

# Implicit Rules

print-%:
#  recipe to execute (from 'Makefile', line 249):
	@echo $($(shell echo $(patsubst print-%,%,$@) | $(TR) [a-z] [A-Z]))

%.c:

%.S:

%.h:

# 4 implicit rules, 0 (0.0%) terminal.

# Files

obj/kern/debug/kmonitor.d: kern/debug/kmonitor.c kern/debug/kmonitor.c libs/stdio.h libs/defs.h libs/stdarg.h libs/string.h kern/trap/trap.h kern/debug/kmonitor.h kern/debug/kdebug.h | obj/kern/debug/
#  Implicit rule search has not been done.
#  Implicit/static pattern stem: ''
#  Last modified 2022-08-06 17:42:38.294469067
#  File has been updated.
#  Successfully updated.
# automatic
# @ := obj/kern/debug/kmonitor.d
# automatic
# % := 
# automatic
# * := 
# automatic
# + := kern/debug/kmonitor.c libs/stdio.h libs/defs.h libs/stdarg.h libs/string.h kern/trap/trap.h kern/debug/kmonitor.h kern/debug/kdebug.h
# automatic
# | := 
# automatic
# < := 
# automatic
# ^ := kern/debug/kmonitor.c libs/stdio.h libs/defs.h libs/stdarg.h libs/string.h kern/trap/trap.h kern/debug/kmonitor.h kern/debug/kdebug.h
# automatic
# ? := 
# variable set hash-table stats:
# Load=8/32=25%, Rehash=0, Collisions=1/9=11%
#  recipe to execute (from 'Makefile', line 136):
	@gcc -I$(dir kern/debug/kmonitor.c) -fno-builtin -Wall -ggdb -m32 -gstabs -nostdinc  -fno-stack-protector -Ilibs/ -Ikern/debug/ -Ikern/driver/ -Ikern/trap/ -Ikern/mm/ -MM $< -MT "$(patsubst %.d,%.o,$@) $@"> $@

obj/kern/debug/panic.d: kern/debug/panic.c kern/debug/panic.c libs/defs.h libs/stdio.h libs/stdarg.h kern/driver/intr.h kern/debug/kmonitor.h kern/trap/trap.h | obj/kern/debug/
#  Implicit rule search has not been done.
#  Implicit/static pattern stem: ''
#  Last modified 2022-08-06 17:42:38.310469625
#  File has been updated.
#  Successfully updated.
# automatic
# @ := obj/kern/debug/panic.d
# automatic
# % := 
# automatic
# * := 
# automatic
# + := kern/debug/panic.c libs/defs.h libs/stdio.h libs/stdarg.h kern/driver/intr.h kern/debug/kmonitor.h kern/trap/trap.h
# automatic
# | := 
# automatic
# < := 
# automatic
# ^ := kern/debug/panic.c libs/defs.h libs/stdio.h libs/stdarg.h kern/driver/intr.h kern/debug/kmonitor.h kern/trap/trap.h
# automatic
# ? := 
# variable set hash-table stats:
# Load=8/32=25%, Rehash=0, Collisions=1/9=11%
#  recipe to execute (from 'Makefile', line 136):
	@gcc -I$(dir kern/debug/panic.c) -fno-builtin -Wall -ggdb -m32 -gstabs -nostdinc  -fno-stack-protector -Ilibs/ -Ikern/debug/ -Ikern/driver/ -Ikern/trap/ -Ikern/mm/ -MM $< -MT "$(patsubst %.d,%.o,$@) $@"> $@

# Not a target:
libs/x86.h:
#  Implicit rule search has been done.
#  Last modified 2022-07-16 21:33:36.365863117
#  File has been updated.
#  Successfully updated.

handin: packall
#  Phony target (prerequisite of .PHONY).
#  Implicit rule search has not been done.
#  File does not exist.
#  File has not been updated.
#  recipe to execute (from 'Makefile', line 260):
	@echo Please visit http://learn.tsinghua.edu.cn and upload $(HANDIN). Thanks!

obj/kern/mm/pmm.d: kern/mm/pmm.c kern/mm/pmm.c libs/defs.h libs/x86.h kern/mm/mmu.h kern/mm/memlayout.h kern/mm/pmm.h | obj/kern/mm/
#  Implicit rule search has not been done.
#  Implicit/static pattern stem: ''
#  Last modified 2022-08-06 17:42:38.230466834
#  File has been updated.
#  Successfully updated.
# automatic
# @ := obj/kern/mm/pmm.d
# automatic
# % := 
# automatic
# * := 
# automatic
# + := kern/mm/pmm.c libs/defs.h libs/x86.h kern/mm/mmu.h kern/mm/memlayout.h kern/mm/pmm.h
# automatic
# | := 
# automatic
# < := 
# automatic
# ^ := kern/mm/pmm.c libs/defs.h libs/x86.h kern/mm/mmu.h kern/mm/memlayout.h kern/mm/pmm.h
# automatic
# ? := 
# variable set hash-table stats:
# Load=8/32=25%, Rehash=0, Collisions=1/9=11%
#  recipe to execute (from 'Makefile', line 136):
	@gcc -I$(dir kern/mm/pmm.c) -fno-builtin -Wall -ggdb -m32 -gstabs -nostdinc  -fno-stack-protector -Ilibs/ -Ikern/debug/ -Ikern/driver/ -Ikern/trap/ -Ikern/mm/ -MM $< -MT "$(patsubst %.d,%.o,$@) $@"> $@

qemu-mon: bin/ucore.img
#  Implicit rule search has not been done.
#  Modification time never checked.
#  File has not been updated.
#  recipe to execute (from 'Makefile', line 211):
	$(V)$(QEMU)  -no-reboot -monitor stdio -hda $< -serial null

bin/:
#  Implicit rule search has not been done.
#  Modification time never checked.
#  File has not been updated.
#  recipe to execute (from 'Makefile', line 190):
	@mkdir -p $@

obj/kern/driver/picirq.o: kern/driver/picirq.c kern/driver/picirq.c libs/defs.h libs/x86.h kern/driver/picirq.h | obj/kern/driver/
#  Implicit rule search has not been done.
#  Implicit/static pattern stem: ''
#  Modification time never checked.
#  File has not been updated.
# automatic
# @ := obj/kern/driver/picirq.o
# automatic
# % := 
# automatic
# * := 
# automatic
# + := kern/driver/picirq.c libs/defs.h libs/x86.h kern/driver/picirq.h
# automatic
# | := 
# automatic
# < := 
# automatic
# ^ := kern/driver/picirq.c libs/defs.h libs/x86.h kern/driver/picirq.h
# automatic
# ? := 
# variable set hash-table stats:
# Load=8/32=25%, Rehash=0, Collisions=1/9=11%
#  recipe to execute (from 'Makefile', line 136):
	@echo + cc $<
	@gcc -I$(dir kern/driver/picirq.c) -fno-builtin -Wall -ggdb -m32 -gstabs -nostdinc  -fno-stack-protector -Ilibs/ -Ikern/debug/ -Ikern/driver/ -Ikern/trap/ -Ikern/mm/ -c $< -o $@

obj/sign/tools/:
#  Implicit rule search has not been done.
#  Last modified 2022-07-24 15:42:50.444955349
#  File has been updated.
#  Successfully updated.
#  recipe to execute (from 'Makefile', line 190):
	@mkdir -p $@

# Not a target:
kern/debug/stab.h:
#  Implicit rule search has been done.
#  Last modified 2022-07-16 21:33:36.365863117
#  File has been updated.
#  Successfully updated.

qemu: bin/ucore.img
#  Phony target (prerequisite of .PHONY).
#  Implicit rule search has not been done.
#  File does not exist.
#  File has not been updated.
#  recipe to execute (from 'Makefile', line 213):
	$(V)$(QEMU) -no-reboot -parallel stdio -hda $< -serial null

 
obj/kern/libs/readline.d: kern/libs/readline.c kern/libs/readline.c libs/stdio.h libs/defs.h libs/stdarg.h | obj/kern/libs/
#  Implicit rule search has not been done.
#  Implicit/static pattern stem: ''
#  Last modified 2022-08-06 17:42:38.318469904
#  File has been updated.
#  Successfully updated.
# automatic
# @ := obj/kern/libs/readline.d
# automatic
# % := 
# automatic
# * := 
# automatic
# + := kern/libs/readline.c libs/stdio.h libs/defs.h libs/stdarg.h
# automatic
# | := 
# automatic
# < := 
# automatic
# ^ := kern/libs/readline.c libs/stdio.h libs/defs.h libs/stdarg.h
# automatic
# ? := 
# variable set hash-table stats:
# Load=8/32=25%, Rehash=0, Collisions=1/9=11%
#  recipe to execute (from 'Makefile', line 136):
	@gcc -I$(dir kern/libs/readline.c) -fno-builtin -Wall -ggdb -m32 -gstabs -nostdinc  -fno-stack-protector -Ilibs/ -Ikern/debug/ -Ikern/driver/ -Ikern/trap/ -Ikern/mm/ -MM $< -MT "$(patsubst %.d,%.o,$@) $@"> $@

obj/kern/trap/vectors.o: kern/trap/vectors.S kern/trap/vectors.S | obj/kern/trap/
#  Implicit rule search has not been done.
#  Implicit/static pattern stem: ''
#  Modification time never checked.
#  File has not been updated.
# automatic
# @ := obj/kern/trap/vectors.o
# automatic
# % := 
# automatic
# * := 
# automatic
# + := kern/trap/vectors.S
# automatic
# | := 
# automatic
# < := 
# automatic
# ^ := kern/trap/vectors.S
# automatic
# ? := 
# variable set hash-table stats:
# Load=8/32=25%, Rehash=0, Collisions=1/9=11%
#  recipe to execute (from 'Makefile', line 136):
	@echo + cc $<
	@gcc -I$(dir kern/trap/vectors.S) -fno-builtin -Wall -ggdb -m32 -gstabs -nostdinc  -fno-stack-protector -Ilibs/ -Ikern/debug/ -Ikern/driver/ -Ikern/trap/ -Ikern/mm/ -c $< -o $@

debug-nox: bin/ucore.img
#  Phony target (prerequisite of .PHONY).
#  Implicit rule search has not been done.
#  File does not exist.
#  File has not been updated.
#  recipe to execute (from 'Makefile', line 225):
	$(V)$(QEMU) -S -s -serial mon:stdio -hda $< -nographic &
	$(V)sleep 2
	$(V)$(TERMINAL) -e "gdb -q -x tools/gdbinit"

# Not a target:
boot/bootasm.S:
#  Implicit rule search has been done.
#  Last modified 2022-08-02 09:54:40.274765455
#  File has been updated.
#  Successfully updated.

obj/libs/string.o: libs/string.c libs/string.c libs/string.h libs/defs.h libs/x86.h | obj/libs/
#  Implicit rule search has not been done.
#  Implicit/static pattern stem: ''
#  Modification time never checked.
#  File has not been updated.
# automatic
# @ := obj/libs/string.o
# automatic
# % := 
# automatic
# * := 
# automatic
# + := libs/string.c libs/string.h libs/defs.h libs/x86.h
# automatic
# | := 
# automatic
# < := 
# automatic
# ^ := libs/string.c libs/string.h libs/defs.h libs/x86.h
# automatic
# ? := 
# variable set hash-table stats:
# Load=8/32=25%, Rehash=0, Collisions=1/9=11%
#  recipe to execute (from 'Makefile', line 117):
	@echo + cc $<
	@gcc -I$(dir libs/string.c) -fno-builtin -Wall -ggdb -m32 -gstabs -nostdinc  -fno-stack-protector -Ilibs/  -c $< -o $@

obj/boot/bootmain.o: boot/bootmain.c boot/bootmain.c libs/defs.h libs/x86.h libs/elf.h | obj/boot/
#  Implicit rule search has not been done.
#  Implicit/static pattern stem: ''
#  Modification time never checked.
#  File has not been updated.
# automatic
# @ := obj/boot/bootmain.o
# automatic
# % := 
# automatic
# * := 
# automatic
# + := boot/bootmain.c libs/defs.h libs/x86.h libs/elf.h
# automatic
# | := 
# automatic
# < := 
# automatic
# ^ := boot/bootmain.c libs/defs.h libs/x86.h libs/elf.h
# automatic
# ? := 
# variable set hash-table stats:
# Load=8/32=25%, Rehash=0, Collisions=1/9=11%
#  recipe to execute (from 'Makefile', line 157):
	@echo + cc $<
	@gcc -I$(dir boot/bootmain.c) -fno-builtin -Wall -ggdb -m32 -gstabs -nostdinc  -fno-stack-protector -Ilibs/ -Os -nostdinc -c $< -o $@

bin/sign: obj/sign/tools/sign.o | bin/
#  Implicit rule search has not been done.
#  Implicit/static pattern stem: ''
#  Modification time never checked.
#  File has not been updated.
# automatic
# @ := bin/sign
# automatic
# % := 
# automatic
# * := 
# automatic
# + := 
# automatic
# | := 
# automatic
# < := 
# automatic
# ^ := 
# automatic
# ? := 
# variable set hash-table stats:
# Load=8/32=25%, Rehash=0, Collisions=1/9=11%
#  recipe to execute (from 'Makefile', line 174):
	@gcc -g -Wall -O2 $^ -o $@

obj/kern/debug/kdebug.o: kern/debug/kdebug.c kern/debug/kdebug.c libs/defs.h libs/x86.h kern/debug/stab.h libs/stdio.h libs/stdarg.h libs/string.h kern/debug/kdebug.h | obj/kern/debug/
#  Implicit rule search has not been done.
#  Implicit/static pattern stem: ''
#  Modification time never checked.
#  File has not been updated.
# automatic
# @ := obj/kern/debug/kdebug.o
# automatic
# % := 
# automatic
# * := 
# automatic
# + := kern/debug/kdebug.c libs/defs.h libs/x86.h kern/debug/stab.h libs/stdio.h libs/stdarg.h libs/string.h kern/debug/kdebug.h
# automatic
# | := 
# automatic
# < := 
# automatic
# ^ := kern/debug/kdebug.c libs/defs.h libs/x86.h kern/debug/stab.h libs/stdio.h libs/stdarg.h libs/string.h kern/debug/kdebug.h
# automatic
# ? := 
# variable set hash-table stats:
# Load=8/32=25%, Rehash=0, Collisions=1/9=11%
#  recipe to execute (from 'Makefile', line 136):
	@echo + cc $<
	@gcc -I$(dir kern/debug/kdebug.c) -fno-builtin -Wall -ggdb -m32 -gstabs -nostdinc  -fno-stack-protector -Ilibs/ -Ikern/debug/ -Ikern/driver/ -Ikern/trap/ -Ikern/mm/ -c $< -o $@

obj/sign/tools/sign.o: tools/sign.c tools/sign.c | obj/sign/tools/
#  Implicit rule search has not been done.
#  Implicit/static pattern stem: ''
#  Modification time never checked.
#  File has not been updated.
# automatic
# @ := obj/sign/tools/sign.o
# automatic
# % := 
# automatic
# * := 
# automatic
# + := tools/sign.c
# automatic
# | := 
# automatic
# < := 
# automatic
# ^ := tools/sign.c
# automatic
# ? := 
# variable set hash-table stats:
# Load=8/32=25%, Rehash=0, Collisions=1/9=11%
#  recipe to execute (from 'Makefile', line 173):
	@echo + cc $<
	@gcc -I$(dir tools/sign.c) -g -Wall -O2 -c $< -o $@

# Not a target:
all:
#  Command line target.
#  Implicit rule search has been done.
#  File does not exist.
#  File has not been updated.

# Not a target:
kern/driver/picirq.h:
#  Implicit rule search has been done.
#  Last modified 2022-07-16 21:33:36.365863117
#  File has been updated.
#  Successfully updated.

.PHONY: qemu qemu-nox debug debug-nox grade touch clean dist-clean handin packall tags
#  Implicit rule search has not been done.
#  Modification time never checked.
#  File has not been updated.

obj/kern/libs/stdio.d: kern/libs/stdio.c kern/libs/stdio.c libs/defs.h libs/stdio.h libs/stdarg.h kern/driver/console.h | obj/kern/libs/
#  Implicit rule search has not been done.
#  Implicit/static pattern stem: ''
#  Last modified 2022-08-06 17:42:38.326470183
#  File has been updated.
#  Successfully updated.
# automatic
# @ := obj/kern/libs/stdio.d
# automatic
# % := 
# automatic
# * := 
# automatic
# + := kern/libs/stdio.c libs/defs.h libs/stdio.h libs/stdarg.h kern/driver/console.h
# automatic
# | := 
# automatic
# < := 
# automatic
# ^ := kern/libs/stdio.c libs/defs.h libs/stdio.h libs/stdarg.h kern/driver/console.h
# automatic
# ? := 
# variable set hash-table stats:
# Load=8/32=25%, Rehash=0, Collisions=1/9=11%
#  recipe to execute (from 'Makefile', line 136):
	@gcc -I$(dir kern/libs/stdio.c) -fno-builtin -Wall -ggdb -m32 -gstabs -nostdinc  -fno-stack-protector -Ilibs/ -Ikern/debug/ -Ikern/driver/ -Ikern/trap/ -Ikern/mm/ -MM $< -MT "$(patsubst %.d,%.o,$@) $@"> $@

# Not a target:
kern/debug/assert.h:
#  Implicit rule search has been done.
#  Last modified 2022-07-16 21:33:36.365863117
#  File has been updated.
#  Successfully updated.

# Not a target:
libs/string.h:
#  Implicit rule search has been done.
#  Last modified 2022-07-16 21:33:36.365863117
#  File has been updated.
#  Successfully updated.

obj/kern/debug/:
#  Implicit rule search has not been done.
#  Last modified 2022-08-05 11:30:43.318342895
#  File has been updated.
#  Successfully updated.
#  recipe to execute (from 'Makefile', line 190):
	@mkdir -p $@

# Not a target:
kern/debug/kdebug.h:
#  Implicit rule search has been done.
 
#  Last modified 2022-07-16 21:33:36.365863117
#  File has been updated.
#  Successfully updated.

debug-nogdb: bin/ucore.img
#  Implicit rule search has not been done.
#  Modification time never checked.
#  File has not been updated.
#  recipe to execute (from 'Makefile', line 229):
	$(V)$(QEMU) -S -s -parallel stdio -hda $< -serial null

# Not a target:
boot/asm.h:
#  Implicit rule search has been done.
#  Last modified 2022-07-21 11:20:32.546136433
#  File has been updated.
#  Successfully updated.

# Not a target:
kern/driver/clock.c:
#  Implicit rule search has been done.
#  Last modified 2022-07-16 21:33:36.365863117
#  File has been updated.
#  Successfully updated.

# Not a target:
kern/trap/trap.c:
#  Implicit rule search has been done.
#  Last modified 2022-08-05 11:33:18.524204283
#  File has been updated.
#  Successfully updated.

# Not a target:
kern/debug/kmonitor.c:
#  Implicit rule search has been done.
#  Last modified 2022-07-16 21:33:36.365863117
#  File has been updated.
#  Successfully updated.

obj/kern/mm/:
#  Implicit rule search has not been done.
#  Last modified 2022-08-05 11:33:19.092129924
#  File has been updated.
#  Successfully updated.
#  recipe to execute (from 'Makefile', line 190):
	@mkdir -p $@

# Not a target:
kern/debug/panic.c:
#  Implicit rule search has been done.
#  Last modified 2022-07-16 21:33:36.365863117
#  File has been updated.
#  Successfully updated.

touch:
#  Phony target (prerequisite of .PHONY).
#  Implicit rule search has not been done.
#  File does not exist.
#  File has not been updated.
#  recipe to execute (from 'Makefile', line 246):
	$(V)$(foreach f,$(TOUCH_FILES),$(TOUCH) $(f))

# Not a target:
kern/mm/pmm.c:
#  Implicit rule search has been done.
#  Last modified 2022-07-24 15:13:04.516521402
#  File has been updated.
#  Successfully updated.

.SUFFIXES: .c .S .h
#  Implicit rule search has not been done.
#  Modification time never checked.
#  File has not been updated.

# Not a target:
kern/libs/readline.c:
#  Implicit rule search has been done.
#  Last modified 2022-07-16 21:33:36.365863117
#  File has been updated.
#  Successfully updated.

tags:
#  Phony target (prerequisite of .PHONY).
#  Implicit rule search has not been done.
#  File does not exist.
#  File has not been updated.
#  recipe to execute (from 'Makefile', line 267):
	@echo TAGS ALL
	$(V)rm -f cscope.files cscope.in.out cscope.out cscope.po.out tags
	$(V)find . -type f -name "*.[chS]" >cscope.files
	$(V)cscope -bq 
	$(V)ctags -L cscope.files

obj/kern/init/init.d: kern/init/init.c kern/init/init.c libs/defs.h libs/stdio.h libs/stdarg.h libs/string.h kern/driver/console.h kern/debug/kdebug.h kern/driver/picirq.h kern/trap/trap.h kern/driver/clock.h kern/driver/intr.h kern/mm/pmm.h kern/debug/kmonitor.h | obj/kern/init/
#  Implicit rule search has not been done.
#  Implicit/static pattern stem: ''
#  Last modified 2022-08-06 17:42:38.334470462
#  File has been updated.
#  Successfully updated.
# automatic
# @ := obj/kern/init/init.d
# automatic
# % := 
# automatic
# * := 
# automatic
# + := kern/init/init.c libs/defs.h libs/stdio.h libs/stdarg.h libs/string.h kern/driver/console.h kern/debug/kdebug.h kern/driver/picirq.h kern/trap/trap.h kern/driver/clock.h kern/driver/intr.h kern/mm/pmm.h kern/debug/kmonitor.h
# automatic
# | := 
# automatic
# < := 
# automatic
# ^ := kern/init/init.c libs/defs.h libs/stdio.h libs/stdarg.h libs/string.h kern/driver/console.h kern/debug/kdebug.h kern/driver/picirq.h kern/trap/trap.h kern/driver/clock.h kern/driver/intr.h kern/mm/pmm.h kern/debug/kmonitor.h
# automatic
# ? := 
# variable set hash-table stats:
# Load=8/32=25%, Rehash=0, Collisions=1/9=11%
#  recipe to execute (from 'Makefile', line 136):
	@gcc -I$(dir kern/init/init.c) -fno-builtin -Wall -ggdb -m32 -gstabs -nostdinc  -fno-stack-protector -Ilibs/ -Ikern/debug/ -Ikern/driver/ -Ikern/trap/ -Ikern/mm/ -MM $< -MT "$(patsubst %.d,%.o,$@) $@"> $@

# Not a target:
Makefile:
#  Implicit rule search has been done.
#  Last modified 2022-07-16 23:14:35.104794544
#  File has been updated.
#  Successfully updated.

bin/kernel: obj/kern/init/init.o obj/kern/libs/stdio.o obj/kern/libs/readline.o obj/kern/debug/panic.o obj/kern/debug/kdebug.o obj/kern/debug/kmonitor.o obj/kern/driver/clock.o obj/kern/driver/console.o obj/kern/driver/picirq.o obj/kern/driver/intr.o obj/kern/trap/trap.o obj/kern/trap/vectors.o obj/kern/trap/trapentry.o obj/kern/mm/pmm.o obj/libs/string.o obj/libs/printfmt.o tools/kernel.ld | bin/
#  Implicit rule search has not been done.
#  Implicit/static pattern stem: ''
#  Modification time never checked.
#  File has not been updated.
# automatic
# @ := bin/kernel
# automatic
# % := 
# automatic
# * := 
# automatic
# + := obj/kern/init/init.o obj/kern/libs/stdio.o obj/kern/libs/readline.o obj/kern/debug/panic.o obj/kern/debug/kdebug.o obj/kern/debug/kmonitor.o obj/kern/driver/clock.o obj/kern/driver/console.o obj/kern/driver/picirq.o obj/kern/driver/intr.o obj/kern/trap/trap.o obj/kern/trap/vectors.o obj/kern/trap/trapentry.o obj/kern/mm/pmm.o obj/libs/string.o obj/libs/printfmt.o tools/kernel.ld
# automatic
# | := 
# automatic
# < := obj/kern/init/init.o
# automatic
# ^ := obj/kern/init/init.o obj/kern/libs/stdio.o obj/kern/libs/readline.o obj/kern/debug/panic.o obj/kern/debug/kdebug.o obj/kern/debug/kmonitor.o obj/kern/driver/clock.o obj/kern/driver/console.o obj/kern/driver/picirq.o obj/kern/driver/intr.o obj/kern/trap/trap.o obj/kern/trap/vectors.o obj/kern/trap/trapentry.o obj/kern/mm/pmm.o obj/libs/string.o obj/libs/printfmt.o tools/kernel.ld
# automatic
# ? := 
# variable set hash-table stats:
# Load=8/32=25%, Rehash=0, Collisions=1/9=11%
#  recipe to execute (from 'Makefile', line 146):
	@echo + ld $@
	$(V)$(LD) $(LDFLAGS) -T tools/kernel.ld -o $@ $(KOBJS)
	@$(OBJDUMP) -S $@ > $(call asmfile,kernel)
	@$(OBJDUMP) -t $@ | $(SED) '1,/SYMBOL TABLE/d; s/ .* / /; /^$$/d' > $(call symfile,kernel)

obj/kern/driver/clock.o: kern/driver/clock.c kern/driver/clock.c libs/x86.h libs/defs.h kern/trap/trap.h libs/stdio.h libs/stdarg.h kern/driver/picirq.h | obj/kern/driver/
#  Implicit rule search has not been done.
#  Implicit/static pattern stem: ''
#  Modification time never checked.
#  File has not been updated.
# automatic
# @ := obj/kern/driver/clock.o
# automatic
# % := 
# automatic
# * := 
# automatic
# + := kern/driver/clock.c libs/x86.h libs/defs.h kern/trap/trap.h libs/stdio.h libs/stdarg.h kern/driver/picirq.h
# automatic
# | := 
# automatic
# < := 
# automatic
# ^ := kern/driver/clock.c libs/x86.h libs/defs.h kern/trap/trap.h libs/stdio.h libs/stdarg.h kern/driver/picirq.h
# automatic
# ? := 
# variable set hash-table stats:
# Load=8/32=25%, Rehash=0, Collisions=1/9=11%
#  recipe to execute (from 'Makefile', line 136):
	@echo + cc $<
	@gcc -I$(dir kern/driver/clock.c) -fno-builtin -Wall -ggdb -m32 -gstabs -nostdinc  -fno-stack-protector -Ilibs/ -Ikern/debug/ -Ikern/driver/ -Ikern/trap/ -Ikern/mm/ -c $< -o $@

obj/kern/trap/trap.o: kern/trap/trap.c kern/trap/trap.c libs/defs.h kern/mm/mmu.h kern/mm/memlayout.h kern/driver/clock.h kern/trap/trap.h libs/x86.h libs/stdio.h libs/stdarg.h kern/debug/assert.h kern/driver/console.h kern/debug/kdebug.h libs/string.h | obj/kern/trap/
#  Implicit rule search has not been done.
#  Implicit/static pattern stem: ''
#  Modification time never checked.
#  File has not been updated.
# automatic
# @ := obj/kern/trap/trap.o
# automatic
# % := 
# automatic
# * := 
# automatic
# + := kern/trap/trap.c libs/defs.h kern/mm/mmu.h kern/mm/memlayout.h kern/driver/clock.h kern/trap/trap.h libs/x86.h libs/stdio.h libs/stdarg.h kern/debug/assert.h kern/driver/console.h kern/debug/kdebug.h libs/string.h
# automatic
# | := 
# automatic
# < := 
# automatic
# ^ := kern/trap/trap.c libs/defs.h kern/mm/mmu.h kern/mm/memlayout.h kern/driver/clock.h kern/trap/trap.h libs/x86.h libs/stdio.h libs/stdarg.h kern/debug/assert.h kern/driver/console.h kern/debug/kdebug.h libs/string.h
# automatic
# ? := 
# variable set hash-table stats:
# Load=8/32=25%, Rehash=0, Collisions=1/9=11%
#  recipe to execute (from 'Makefile', line 136):
	@echo + cc $<
	@gcc -I$(dir kern/trap/trap.c) -fno-builtin -Wall -ggdb -m32 -gstabs -nostdinc  -fno-stack-protector -Ilibs/ -Ikern/debug/ -Ikern/driver/ -Ikern/trap/ -Ikern/mm/ -c $< -o $@

packall: clean
#  Phony target (prerequisite of .PHONY).
#  Implicit rule search has not been done.
#  File does not exist.
#  File has not been updated.
#  recipe to execute (from 'Makefile', line 263):
	@$(RM) -f $(HANDIN)
	@tar -czf $(HANDIN) `find . -type f -o -type d | grep -v '^\.*$$' | grep -vF '$(HANDIN)'`

# Not a target:
tools/sign.c:
#  Implicit rule search has been done.
#  Last modified 2022-07-16 23:29:59.804660164
#  File has been updated.
#  Successfully updated.

obj/kern/debug/kmonitor.o: kern/debug/kmonitor.c kern/debug/kmonitor.c libs/stdio.h libs/defs.h libs/stdarg.h libs/string.h kern/trap/trap.h kern/debug/kmonitor.h kern/debug/kdebug.h | obj/kern/debug/
#  Implicit rule search has not been done.
#  Implicit/static pattern stem: ''
#  Modification time never checked.
#  File has not been updated.
# automatic
# @ := obj/kern/debug/kmonitor.o
# automatic
# % := 
# automatic
# * := 
# automatic
# + := kern/debug/kmonitor.c libs/stdio.h libs/defs.h libs/stdarg.h libs/string.h kern/trap/trap.h kern/debug/kmonitor.h kern/debug/kdebug.h
# automatic
# | := 
# automatic
# < := 
# automatic
# ^ := kern/debug/kmonitor.c libs/stdio.h libs/defs.h libs/stdarg.h libs/string.h kern/trap/trap.h kern/debug/kmonitor.h kern/debug/kdebug.h
# automatic
# ? := 
# variable set hash-table stats:
# Load=8/32=25%, Rehash=0, Collisions=1/9=11%
#  recipe to execute (from 'Makefile', line 136):
	@echo + cc $<
	@gcc -I$(dir kern/debug/kmonitor.c) -fno-builtin -Wall -ggdb -m32 -gstabs -nostdinc  -fno-stack-protector -Ilibs/ -Ikern/debug/ -Ikern/driver/ -Ikern/trap/ -Ikern/mm/ -c $< -o $@

obj/kern/debug/panic.o: kern/debug/panic.c kern/debug/panic.c libs/defs.h libs/stdio.h libs/stdarg.h kern/driver/intr.h kern/debug/kmonitor.h kern/trap/trap.h | obj/kern/debug/
#  Implicit rule search has not been done.
#  Implicit/static pattern stem: ''
#  Modification time never checked.
#  File has not been updated.
# automatic
# @ := obj/kern/debug/panic.o
# automatic
# % := 
# automatic
# * := 
# automatic
# + := kern/debug/panic.c libs/defs.h libs/stdio.h libs/stdarg.h kern/driver/intr.h kern/debug/kmonitor.h kern/trap/trap.h
# automatic
# | := 
# automatic
# < := 
# automatic
# ^ := kern/debug/panic.c libs/defs.h libs/stdio.h libs/stdarg.h kern/driver/intr.h kern/debug/kmonitor.h kern/trap/trap.h
# automatic
# ? := 
# variable set hash-table stats:
# Load=8/32=25%, Rehash=0, Collisions=1/9=11%
#  recipe to execute (from 'Makefile', line 136):
	@echo + cc $<
	@gcc -I$(dir kern/debug/panic.c) -fno-builtin -Wall -ggdb -m32 -gstabs -nostdinc  -fno-stack-protector -Ilibs/ -Ikern/debug/ -Ikern/driver/ -Ikern/trap/ -Ikern/mm/ -c $< -o $@

debug: bin/ucore.img
#  Phony target (prerequisite of .PHONY).
#  Implicit rule search has not been done.
#  File does not exist.
#  File has not been updated.
#  recipe to execute (from 'Makefile', line 220):
 
	$(V)$(QEMU) -S -s -parallel stdio -hda $< -serial null &
	$(V)sleep 2
	$(V)$(TERMINAL) -e "gdb -q -tui -x tools/gdbinit"
	

obj/kern/mm/pmm.o: kern/mm/pmm.c kern/mm/pmm.c libs/defs.h libs/x86.h kern/mm/mmu.h kern/mm/memlayout.h kern/mm/pmm.h | obj/kern/mm/
#  Implicit rule search has not been done.
#  Implicit/static pattern stem: ''
#  Modification time never checked.
#  File has not been updated.
# automatic
# @ := obj/kern/mm/pmm.o
# automatic
# % := 
# automatic
# * := 
# automatic
# + := kern/mm/pmm.c libs/defs.h libs/x86.h kern/mm/mmu.h kern/mm/memlayout.h kern/mm/pmm.h
# automatic
# | := 
# automatic
# < := 
# automatic
# ^ := kern/mm/pmm.c libs/defs.h libs/x86.h kern/mm/mmu.h kern/mm/memlayout.h kern/mm/pmm.h
# automatic
# ? := 
# variable set hash-table stats:
# Load=8/32=25%, Rehash=0, Collisions=1/9=11%
#  recipe to execute (from 'Makefile', line 136):
	@echo + cc $<
	@gcc -I$(dir kern/mm/pmm.c) -fno-builtin -Wall -ggdb -m32 -gstabs -nostdinc  -fno-stack-protector -Ilibs/ -Ikern/debug/ -Ikern/driver/ -Ikern/trap/ -Ikern/mm/ -c $< -o $@

bin/bootblock: obj/boot/bootasm.o obj/boot/bootmain.o | bin/sign bin/
#  Implicit rule search has not been done.
#  Implicit/static pattern stem: ''
#  Modification time never checked.
#  File has not been updated.
# automatic
# @ := bin/bootblock
# automatic
# % := 
# automatic
# * := 
# automatic
# + := obj/boot/bootasm.o obj/boot/bootmain.o
# automatic
# | := bin/sign
# automatic
# < := obj/boot/bootasm.o
# automatic
# ^ := obj/boot/bootasm.o obj/boot/bootmain.o
# automatic
# ? := 
# variable set hash-table stats:
# Load=8/32=25%, Rehash=0, Collisions=1/9=11%
#  recipe to execute (from 'Makefile', line 162):
	@echo + ld $@
	$(V)$(LD) $(LDFLAGS) -N -e start -Ttext 0x7C00 $^ -o $(call toobj,bootblock)
	@$(OBJDUMP) -S $(call objfile,bootblock) > $(call asmfile,bootblock)
	@$(OBJCOPY) -S -O binary $(call objfile,bootblock) $(call outfile,bootblock)
	@$(call totarget,sign) $(call outfile,bootblock) $(bootblock)

# Not a target:
kern/driver/clock.h:
#  Implicit rule search has been done.
#  Last modified 2022-07-16 21:33:36.365863117
#  File has been updated.
#  Successfully updated.

# Not a target:
kern/libs/stdio.c:
#  Implicit rule search has been done.
#  Last modified 2022-07-16 21:33:36.365863117
#  File has been updated.
#  Successfully updated.

# Not a target:
kern/trap/trap.h:
#  Implicit rule search has been done.
#  Last modified 2022-08-05 11:25:32.380074648
#  File has been updated.
#  Successfully updated.

obj/kern/libs/readline.o: kern/libs/readline.c kern/libs/readline.c libs/stdio.h libs/defs.h libs/stdarg.h | obj/kern/libs/
#  Implicit rule search has not been done.
#  Implicit/static pattern stem: ''
#  Modification time never checked.
#  File has not been updated.
# automatic
# @ := obj/kern/libs/readline.o
# automatic
# % := 
# automatic
# * := 
# automatic
# + := kern/libs/readline.c libs/stdio.h libs/defs.h libs/stdarg.h
# automatic
# | := 
# automatic
# < := 
# automatic
# ^ := kern/libs/readline.c libs/stdio.h libs/defs.h libs/stdarg.h
# automatic
# ? := 
# variable set hash-table stats:
# Load=8/32=25%, Rehash=0, Collisions=1/9=11%
#  recipe to execute (from 'Makefile', line 136):
	@echo + cc $<
	@gcc -I$(dir kern/libs/readline.c) -fno-builtin -Wall -ggdb -m32 -gstabs -nostdinc  -fno-stack-protector -Ilibs/ -Ikern/debug/ -Ikern/driver/ -Ikern/trap/ -Ikern/mm/ -c $< -o $@

# Not a target:
kern/debug/kmonitor.h:
#  Implicit rule search has been done.
#  Last modified 2022-07-16 21:33:36.365863117
#  File has been updated.
#  Successfully updated.

obj/kern/init/:
#  Implicit rule search has not been done.
#  Last modified 2022-08-05 12:33:13.80692772
#  File has been updated.
#  Successfully updated.
#  recipe to execute (from 'Makefile', line 190):
	@mkdir -p $@

obj/kern/driver/console.d: kern/driver/console.c kern/driver/console.c libs/defs.h libs/x86.h libs/stdio.h libs/stdarg.h libs/string.h kern/driver/kbdreg.h kern/driver/picirq.h kern/trap/trap.h | obj/kern/driver/
#  Implicit rule search has not been done.
#  Implicit/static pattern stem: ''
#  Last modified 2022-08-06 17:42:38.282468648
#  File has been updated.
#  Successfully updated.
# automatic
# @ := obj/kern/driver/console.d
# automatic
# % := 
# automatic
# * := 
# automatic
# + := kern/driver/console.c libs/defs.h libs/x86.h libs/stdio.h libs/stdarg.h libs/string.h kern/driver/kbdreg.h kern/driver/picirq.h kern/trap/trap.h
# automatic
# | := 
# automatic
# < := 
# automatic
# ^ := kern/driver/console.c libs/defs.h libs/x86.h libs/stdio.h libs/stdarg.h libs/string.h kern/driver/kbdreg.h kern/driver/picirq.h kern/trap/trap.h
# automatic
# ? := 
# variable set hash-table stats:
# Load=8/32=25%, Rehash=0, Collisions=1/9=11%
#  recipe to execute (from 'Makefile', line 136):
	@gcc -I$(dir kern/driver/console.c) -fno-builtin -Wall -ggdb -m32 -gstabs -nostdinc  -fno-stack-protector -Ilibs/ -Ikern/debug/ -Ikern/driver/ -Ikern/trap/ -Ikern/mm/ -MM $< -MT "$(patsubst %.d,%.o,$@) $@"> $@

obj/boot/bootasm.o: boot/bootasm.S boot/bootasm.S boot/asm.h | obj/boot/
#  Implicit rule search has not been done.
#  Implicit/static pattern stem: ''
#  Modification time never checked.
#  File has not been updated.
# automatic
# @ := obj/boot/bootasm.o
# automatic
# % := 
# automatic
# * := 
# automatic
# + := boot/bootasm.S boot/asm.h
# automatic
# | := 
# automatic
# < := 
# automatic
# ^ := boot/bootasm.S boot/asm.h
# automatic
# ? := 
# variable set hash-table stats:
# Load=8/32=25%, Rehash=0, Collisions=1/9=11%
#  recipe to execute (from 'Makefile', line 157):
	@echo + cc $<
	@gcc -I$(dir boot/bootasm.S) -fno-builtin -Wall -ggdb -m32 -gstabs -nostdinc  -fno-stack-protector -Ilibs/ -Os -nostdinc -c $< -o $@

grade:
#  Phony target (prerequisite of .PHONY).
#  Implicit rule search has not been done.
#  File does not exist.
#  File has not been updated.
#  recipe to execute (from 'Makefile', line 242):
	$(V)$(MAKE) $(MAKEOPTS) clean
	$(V)$(SH) tools/grade.sh

# Not a target:
kern/mm/pmm.h:
#  Implicit rule search has been done.
#  Last modified 2022-07-16 21:33:36.365863117
#  File has been updated.
#  Successfully updated.

obj/kern/libs/:
#  Implicit rule search has not been done.
#  Last modified 2022-07-24 15:42:49.844957569
#  File has been updated.
#  Successfully updated.
#  recipe to execute (from 'Makefile', line 190):
	@mkdir -p $@

obj/boot/:
#  Implicit rule search has not been done.
#  Last modified 2022-08-05 11:33:19.128125223
#  File has been updated.
#  Successfully updated.
#  recipe to execute (from 'Makefile', line 190):
	@mkdir -p $@

obj/kern/driver/intr.d: kern/driver/intr.c kern/driver/intr.c libs/x86.h libs/defs.h kern/driver/intr.h | obj/kern/driver/
#  Implicit rule search has not been done.
#  Implicit/static pattern stem: ''
#  Last modified 2022-08-06 17:42:38.262467951
#  File has been updated.
#  Successfully updated.
# automatic
# @ := obj/kern/driver/intr.d
# automatic
# % := 
# automatic
# * := 
# automatic
# + := kern/driver/intr.c libs/x86.h libs/defs.h kern/driver/intr.h
# automatic
# | := 
# automatic
# < := 
# automatic
# ^ := kern/driver/intr.c libs/x86.h libs/defs.h kern/driver/intr.h
# automatic
# ? := 
# variable set hash-table stats:
# Load=8/32=25%, Rehash=0, Collisions=1/9=11%
#  recipe to execute (from 'Makefile', line 136):
	@gcc -I$(dir kern/driver/intr.c) -fno-builtin -Wall -ggdb -m32 -gstabs -nostdinc  -fno-stack-protector -Ilibs/ -Ikern/debug/ -Ikern/driver/ -Ikern/trap/ -Ikern/mm/ -MM $< -MT "$(patsubst %.d,%.o,$@) $@"> $@

obj/kern/libs/stdio.o: kern/libs/stdio.c kern/libs/stdio.c libs/defs.h libs/stdio.h libs/stdarg.h kern/driver/console.h | obj/kern/libs/
#  Implicit rule search has not been done.
#  Implicit/static pattern stem: ''
#  Modification time never checked.
#  File has not been updated.
# automatic
# @ := obj/kern/libs/stdio.o
# automatic
# % := 
# automatic
# * := 
# automatic
# + := kern/libs/stdio.c libs/defs.h libs/stdio.h libs/stdarg.h kern/driver/console.h
# automatic
# | := 
# automatic
# < := 
# automatic
# ^ := kern/libs/stdio.c libs/defs.h libs/stdio.h libs/stdarg.h kern/driver/console.h
# automatic
# ? := 
# variable set hash-table stats:
# Load=8/32=25%, Rehash=0, Collisions=1/9=11%
#  recipe to execute (from 'Makefile', line 136):
	@echo + cc $<
	@gcc -I$(dir kern/libs/stdio.c) -fno-builtin -Wall -ggdb -m32 -gstabs -nostdinc  -fno-stack-protector -Ilibs/ -Ikern/debug/ -Ikern/driver/ -Ikern/trap/ -Ikern/mm/ -c $< -o $@

# Not a target:
.S:
#  Implicit rule search has not been done.
#  Modification time never checked.
#  File has not been updated.

# Not a target:
.c:
#  Implicit rule search has not been done.
#  Modification time never checked.
#  File has not been updated.

# Not a target:
boot/bootmain.c:
#  Implicit rule search has been done.
#  Last modified 2022-07-22 08:38:47.41999938
#  File has been updated.
#  Successfully updated.

# Not a target:
 
kern/init/init.c:
#  Implicit rule search has been done.
#  Last modified 2022-08-05 12:33:13.02692942
#  File has been updated.
#  Successfully updated.

# Not a target:
tools/function.mk:
#  Implicit rule search has been done.
#  Last modified 2022-07-16 21:33:36.365863117
#  File has been updated.
#  Successfully updated.

.SECONDEXPANSION:
#  Implicit rule search has not been done.
#  Modification time never checked.
#  File has not been updated.

# Not a target:
libs/error.h:
#  Implicit rule search has been done.
#  Last modified 2022-07-16 21:33:36.365863117
#  File has been updated.
#  Successfully updated.

obj/kern/init/init.o: kern/init/init.c kern/init/init.c libs/defs.h libs/stdio.h libs/stdarg.h libs/string.h kern/driver/console.h kern/debug/kdebug.h kern/driver/picirq.h kern/trap/trap.h kern/driver/clock.h kern/driver/intr.h kern/mm/pmm.h kern/debug/kmonitor.h | obj/kern/init/
#  Implicit rule search has not been done.
#  Implicit/static pattern stem: ''
#  Modification time never checked.
#  File has not been updated.
# automatic
# @ := obj/kern/init/init.o
# automatic
# % := 
# automatic
# * := 
# automatic
# + := kern/init/init.c libs/defs.h libs/stdio.h libs/stdarg.h libs/string.h kern/driver/console.h kern/debug/kdebug.h kern/driver/picirq.h kern/trap/trap.h kern/driver/clock.h kern/driver/intr.h kern/mm/pmm.h kern/debug/kmonitor.h
# automatic
# | := 
# automatic
# < := 
# automatic
# ^ := kern/init/init.c libs/defs.h libs/stdio.h libs/stdarg.h libs/string.h kern/driver/console.h kern/debug/kdebug.h kern/driver/picirq.h kern/trap/trap.h kern/driver/clock.h kern/driver/intr.h kern/mm/pmm.h kern/debug/kmonitor.h
# automatic
# ? := 
# variable set hash-table stats:
# Load=8/32=25%, Rehash=0, Collisions=1/9=11%
#  recipe to execute (from 'Makefile', line 136):
	@echo + cc $<
	@gcc -I$(dir kern/init/init.c) -fno-builtin -Wall -ggdb -m32 -gstabs -nostdinc  -fno-stack-protector -Ilibs/ -Ikern/debug/ -Ikern/driver/ -Ikern/trap/ -Ikern/mm/ -c $< -o $@

# Not a target:
kern/driver/console.c:
#  Implicit rule search has been done.
#  Last modified 2022-07-16 21:33:36.365863117
#  File has been updated.
#  Successfully updated.

# Not a target:
libs/stdarg.h:
#  Implicit rule search has been done.
#  Last modified 2022-07-16 21:33:36.365863117
#  File has been updated.
#  Successfully updated.

obj/libs/printfmt.d: libs/printfmt.c libs/printfmt.c libs/defs.h libs/x86.h libs/error.h libs/stdio.h libs/stdarg.h libs/string.h | obj/libs/
#  Implicit rule search has not been done.
#  Implicit/static pattern stem: ''
#  Last modified 2022-08-06 17:42:38.342470741
#  File has been updated.
#  Successfully updated.
# automatic
# @ := obj/libs/printfmt.d
# automatic
# % := 
# automatic
# * := 
# automatic
# + := libs/printfmt.c libs/defs.h libs/x86.h libs/error.h libs/stdio.h libs/stdarg.h libs/string.h
# automatic
# | := 
# automatic
# < := 
# automatic
# ^ := libs/printfmt.c libs/defs.h libs/x86.h libs/error.h libs/stdio.h libs/stdarg.h libs/string.h
# automatic
# ? := 
# variable set hash-table stats:
# Load=8/32=25%, Rehash=0, Collisions=1/9=11%
#  recipe to execute (from 'Makefile', line 117):
	@gcc -I$(dir libs/printfmt.c) -fno-builtin -Wall -ggdb -m32 -gstabs -nostdinc  -fno-stack-protector -Ilibs/  -MM $< -MT "$(patsubst %.d,%.o,$@) $@"> $@

# Not a target:
kern/debug/kdebug.c:
#  Implicit rule search has been done.
#  Last modified 2022-07-24 15:00:15.558164592
#  File has been updated.
#  Successfully updated.

obj/:
#  Implicit rule search has not been done.
#  Modification time never checked.
#  File has not been updated.
#  recipe to execute (from 'Makefile', line 190):
	@mkdir -p $@

# Not a target:
.DEFAULT:
#  Implicit rule search has not been done.
#  Modification time never checked.
#  File has not been updated.

# Not a target:
kern/mm/mmu.h:
#  Implicit rule search has been done.
#  Last modified 2022-07-24 14:59:06.954839461
#  File has been updated.
#  Successfully updated.

# Not a target:
.h:
#  Implicit rule search has not been done.
#  Modification time never checked.
#  File has not been updated.

# Not a target:
kern/driver/intr.c:
#  Implicit rule search has been done.
#  Last modified 2022-07-16 21:33:36.365863117
#  File has been updated.
#  Successfully updated.

# Not a target:
kern/driver/kbdreg.h:
#  Implicit rule search has been done.
#  Last modified 2022-07-16 21:33:36.365863117
#  File has been updated.
#  Successfully updated.

dist-clean: clean
#  Phony target (prerequisite of .PHONY).
#  Implicit rule search has not been done.
#  File does not exist.
#  File has not been updated.
#  recipe to execute (from 'Makefile', line 257):
	-$(RM) $(HANDIN)

obj/kern/driver/console.o: kern/driver/console.c kern/driver/console.c libs/defs.h libs/x86.h libs/stdio.h libs/stdarg.h libs/string.h kern/driver/kbdreg.h kern/driver/picirq.h kern/trap/trap.h | obj/kern/driver/
#  Implicit rule search has not been done.
#  Implicit/static pattern stem: ''
#  Modification time never checked.
#  File has not been updated.
# automatic
# @ := obj/kern/driver/console.o
# automatic
# % := 
# automatic
# * := 
# automatic
# + := kern/driver/console.c libs/defs.h libs/x86.h libs/stdio.h libs/stdarg.h libs/string.h kern/driver/kbdreg.h kern/driver/picirq.h kern/trap/trap.h
# automatic
# | := 
# automatic
# < := 
# automatic
# ^ := kern/driver/console.c libs/defs.h libs/x86.h libs/stdio.h libs/stdarg.h libs/string.h kern/driver/kbdreg.h kern/driver/picirq.h kern/trap/trap.h
# automatic
# ? := 
# variable set hash-table stats:
# Load=8/32=25%, Rehash=0, Collisions=1/9=11%
#  recipe to execute (from 'Makefile', line 136):
	@echo + cc $<
	@gcc -I$(dir kern/driver/console.c) -fno-builtin -Wall -ggdb -m32 -gstabs -nostdinc  -fno-stack-protector -Ilibs/ -Ikern/debug/ -Ikern/driver/ -Ikern/trap/ -Ikern/mm/ -c $< -o $@

obj/libs/:
#  Implicit rule search has not been done.
#  Last modified 2022-07-24 15:42:50.276955972
#  File has been updated.
#  Successfully updated.
#  recipe to execute (from 'Makefile', line 190):
	@mkdir -p $@

obj/kern/trap/trapentry.d: kern/trap/trapentry.S kern/trap/trapentry.S kern/mm/memlayout.h | obj/kern/trap/
#  Implicit rule search has not been done.
#  Implicit/static pattern stem: ''
#  Last modified 2022-08-06 17:42:38.238467113
#  File has been updated.
#  Successfully updated.
# automatic
# @ := obj/kern/trap/trapentry.d
# automatic
# % := 
# automatic
# * := 
# automatic
# + := kern/trap/trapentry.S kern/mm/memlayout.h
# automatic
# | := 
# automatic
# < := 
# automatic
# ^ := kern/trap/trapentry.S kern/mm/memlayout.h
# automatic
# ? := 
# variable set hash-table stats:
# Load=8/32=25%, Rehash=0, Collisions=1/9=11%
#  recipe to execute (from 'Makefile', line 136):
	@gcc -I$(dir kern/trap/trapentry.S) -fno-builtin -Wall -ggdb -m32 -gstabs -nostdinc  -fno-stack-protector -Ilibs/ -Ikern/debug/ -Ikern/driver/ -Ikern/trap/ -Ikern/mm/ -MM $< -MT "$(patsubst %.d,%.o,$@) $@"> $@

clean:
#  Phony target (prerequisite of .PHONY).
#  Implicit rule search has not been done.
#  File does not exist.
#  File has not been updated.
#  recipe to execute (from 'Makefile', line 253):
	$(V)$(RM) $(GRADE_GDB_IN) $(GRADE_QEMU_OUT) cscope* tags
	-$(RM) -r $(OBJDIR) $(BINDIR)

TARGETS: bin/kernel bin/bootblock bin/sign bin/ucore.img
#  Implicit rule search has not been done.
#  Modification time never checked.
#  File has not been updated.

# Not a target:
kern/driver/console.h:
#  Implicit rule search has been done.
#  Last modified 2022-07-16 21:33:36.365863117
#  File has been updated.
#  Successfully updated.

obj/kern/driver/intr.o: kern/driver/intr.c kern/driver/intr.c libs/x86.h libs/defs.h kern/driver/intr.h | obj/kern/driver/
#  Implicit rule search has not been done.
#  Implicit/static pattern stem: ''
#  Modification time never checked.
#  File has not been updated.
# automatic
# @ := obj/kern/driver/intr.o
# automatic
# % := 
# automatic
# * := 
# automatic
# + := kern/driver/intr.c libs/x86.h libs/defs.h kern/driver/intr.h
# automatic
# | := 
# automatic
# < := 
# automatic
# ^ := kern/driver/intr.c libs/x86.h libs/defs.h kern/driver/intr.h
# automatic
# ? := 
# variable set hash-table stats:
# Load=8/32=25%, Rehash=0, Collisions=1/9=11%
#  recipe to execute (from 'Makefile', line 136):
	@echo + cc $<
	@gcc -I$(dir kern/driver/intr.c) -fno-builtin -Wall -ggdb -m32 -gstabs -nostdinc  -fno-stack-protector -Ilibs/ -Ikern/debug/ -Ikern/driver/ -Ikern/trap/ -Ikern/mm/ -c $< -o $@

obj/kern/trap/:
#  Implicit rule search has not been done.
#  Last modified 2022-08-05 11:33:19.064133581
#  File has been updated.
#  Successfully updated.
#  recipe to execute (from 'Makefile', line 190):
	@mkdir -p $@

# Not a target:
libs/defs.h:
#  Implicit rule search has been done.
#  Last modified 2022-07-16 21:33:36.365863117
#  File has been updated.
#  Successfully updated.

# Not a target:
 
libs/stdio.h:
#  Implicit rule search has been done.
#  Last modified 2022-07-16 21:33:36.365863117
#  File has been updated.
#  Successfully updated.

obj/kern/driver/picirq.d: kern/driver/picirq.c kern/driver/picirq.c libs/defs.h libs/x86.h kern/driver/picirq.h | obj/kern/driver/
#  Implicit rule search has not been done.
#  Implicit/static pattern stem: ''
#  Last modified 2022-08-06 17:42:38.274468369
#  File has been updated.
#  Successfully updated.
# automatic
# @ := obj/kern/driver/picirq.d
# automatic
# % := 
# automatic
# * := 
# automatic
# + := kern/driver/picirq.c libs/defs.h libs/x86.h kern/driver/picirq.h
# automatic
# | := 
# automatic
# < := 
# automatic
# ^ := kern/driver/picirq.c libs/defs.h libs/x86.h kern/driver/picirq.h
# automatic
# ? := 
# variable set hash-table stats:
# Load=8/32=25%, Rehash=0, Collisions=1/9=11%
#  recipe to execute (from 'Makefile', line 136):
	@gcc -I$(dir kern/driver/picirq.c) -fno-builtin -Wall -ggdb -m32 -gstabs -nostdinc  -fno-stack-protector -Ilibs/ -Ikern/debug/ -Ikern/driver/ -Ikern/trap/ -Ikern/mm/ -MM $< -MT "$(patsubst %.d,%.o,$@) $@"> $@

bin/ucore.img: bin/kernel bin/bootblock | bin/
#  Implicit rule search has not been done.
#  Implicit/static pattern stem: ''
#  Modification time never checked.
#  File has not been updated.
# automatic
# @ := bin/ucore.img
# automatic
# % := 
# automatic
# * := 
# automatic
# + := bin/kernel bin/bootblock
# automatic
# | := 
# automatic
# < := bin/kernel
# automatic
# ^ := bin/kernel bin/bootblock
# automatic
# ? := 
# variable set hash-table stats:
# Load=8/32=25%, Rehash=0, Collisions=1/9=11%
#  recipe to execute (from 'Makefile', line 182):
	$(V)dd if=/dev/zero of=$@ count=10000
	$(V)dd if=$(bootblock) of=$@ conv=notrunc
	$(V)dd if=$(kernel) of=$@ seek=1 conv=notrunc

obj/kern/trap/vectors.d: kern/trap/vectors.S kern/trap/vectors.S | obj/kern/trap/
#  Implicit rule search has not been done.
#  Implicit/static pattern stem: ''
#  Last modified 2022-08-06 17:42:38.246467392
#  File has been updated.
#  Successfully updated.
# automatic
# @ := obj/kern/trap/vectors.d
# automatic
# % := 
# automatic
# * := 
# automatic
# + := kern/trap/vectors.S
# automatic
# | := 
# automatic
# < := 
# automatic
# ^ := kern/trap/vectors.S
# automatic
# ? := 
# variable set hash-table stats:
# Load=8/32=25%, Rehash=0, Collisions=1/9=11%
#  recipe to execute (from 'Makefile', line 136):
	@gcc -I$(dir kern/trap/vectors.S) -fno-builtin -Wall -ggdb -m32 -gstabs -nostdinc  -fno-stack-protector -Ilibs/ -Ikern/debug/ -Ikern/driver/ -Ikern/trap/ -Ikern/mm/ -MM $< -MT "$(patsubst %.d,%.o,$@) $@"> $@

# Not a target:
kern/driver/intr.h:
#  Implicit rule search has been done.
#  Last modified 2022-07-16 21:33:36.365863117
#  File has been updated.
#  Successfully updated.

# Not a target:
libs/printfmt.c:
#  Implicit rule search has been done.
#  Last modified 2022-07-16 21:33:36.365863117
#  File has been updated.
#  Successfully updated.

obj/libs/string.d: libs/string.c libs/string.c libs/string.h libs/defs.h libs/x86.h | obj/libs/
#  Implicit rule search has not been done.
#  Implicit/static pattern stem: ''
#  Last modified 2022-08-06 17:42:38.35047102
#  File has been updated.
#  Successfully updated.
# automatic
# @ := obj/libs/string.d
# automatic
# % := 
# automatic
# * := 
# automatic
# + := libs/string.c libs/string.h libs/defs.h libs/x86.h
# automatic
# | := 
# automatic
# < := 
# automatic
# ^ := libs/string.c libs/string.h libs/defs.h libs/x86.h
# automatic
# ? := 
# variable set hash-table stats:
# Load=8/32=25%, Rehash=0, Collisions=1/9=11%
#  recipe to execute (from 'Makefile', line 117):
	@gcc -I$(dir libs/string.c) -fno-builtin -Wall -ggdb -m32 -gstabs -nostdinc  -fno-stack-protector -Ilibs/  -MM $< -MT "$(patsubst %.d,%.o,$@) $@"> $@

obj/boot/bootmain.d: boot/bootmain.c boot/bootmain.c libs/defs.h libs/x86.h libs/elf.h | obj/boot/
#  Implicit rule search has not been done.
#  Implicit/static pattern stem: ''
#  Last modified 2022-08-06 17:42:38.202465857
#  File has been updated.
#  Successfully updated.
# automatic
# @ := obj/boot/bootmain.d
# automatic
# % := 
# automatic
# * := 
# automatic
# + := boot/bootmain.c libs/defs.h libs/x86.h libs/elf.h
# automatic
# | := 
# automatic
# < := 
# automatic
# ^ := boot/bootmain.c libs/defs.h libs/x86.h libs/elf.h
# automatic
# ? := 
# variable set hash-table stats:
# Load=8/32=25%, Rehash=0, Collisions=1/9=11%
#  recipe to execute (from 'Makefile', line 157):
	@gcc -I$(dir boot/bootmain.c) -fno-builtin -Wall -ggdb -m32 -gstabs -nostdinc  -fno-stack-protector -Ilibs/ -Os -nostdinc -MM $< -MT "$(patsubst %.d,%.o,$@) $@"> $@

# Not a target:
tools/kernel.ld:
#  Implicit rule search has not been done.
#  Modification time never checked.
#  File has not been updated.

obj/kern/debug/kdebug.d: kern/debug/kdebug.c kern/debug/kdebug.c libs/defs.h libs/x86.h kern/debug/stab.h libs/stdio.h libs/stdarg.h libs/string.h kern/debug/kdebug.h | obj/kern/debug/
#  Implicit rule search has not been done.
#  Implicit/static pattern stem: ''
#  Last modified 2022-08-06 17:42:38.302469346
#  File has been updated.
#  Successfully updated.
# automatic
# @ := obj/kern/debug/kdebug.d
# automatic
# % := 
# automatic
# * := 
# automatic
# + := kern/debug/kdebug.c libs/defs.h libs/x86.h kern/debug/stab.h libs/stdio.h libs/stdarg.h libs/string.h kern/debug/kdebug.h
# automatic
# | := 
# automatic
# < := 
# automatic
# ^ := kern/debug/kdebug.c libs/defs.h libs/x86.h kern/debug/stab.h libs/stdio.h libs/stdarg.h libs/string.h kern/debug/kdebug.h
# automatic
# ? := 
# variable set hash-table stats:
# Load=8/32=25%, Rehash=0, Collisions=1/9=11%
#  recipe to execute (from 'Makefile', line 136):
	@gcc -I$(dir kern/debug/kdebug.c) -fno-builtin -Wall -ggdb -m32 -gstabs -nostdinc  -fno-stack-protector -Ilibs/ -Ikern/debug/ -Ikern/driver/ -Ikern/trap/ -Ikern/mm/ -MM $< -MT "$(patsubst %.d,%.o,$@) $@"> $@

obj/sign/tools/sign.d: tools/sign.c tools/sign.c | obj/sign/tools/
#  Implicit rule search has not been done.
#  Implicit/static pattern stem: ''
#  Last modified 2022-08-06 17:42:38.190465439
#  File has been updated.
#  Successfully updated.
# automatic
# @ := obj/sign/tools/sign.d
# automatic
# % := 
# automatic
# * := 
# automatic
# + := tools/sign.c
# automatic
# | := 
# automatic
# < := 
# automatic
# ^ := tools/sign.c
# automatic
# ? := 
# variable set hash-table stats:
# Load=8/32=25%, Rehash=0, Collisions=1/9=11%
#  recipe to execute (from 'Makefile', line 173):
	@gcc -I$(dir tools/sign.c) -g -Wall -O2 -MM $< -MT "$(patsubst %.d,%.o,$@) $@"> $@

# Not a target:
kern/mm/memlayout.h:
#  Implicit rule search has been done.
#  Last modified 2022-08-02 11:05:00.828808346
#  File has been updated.
#  Successfully updated.

# Not a target:
kern/trap/trapentry.S:
#  Implicit rule search has been done.
#  Last modified 2022-07-24 14:48:46.560589758
#  File has been updated.
#  Successfully updated.

.DELETE_ON_ERROR:
#  Implicit rule search has not been done.
#  Modification time never checked.
#  File has not been updated.

obj/libs/printfmt.o: libs/printfmt.c libs/printfmt.c libs/defs.h libs/x86.h libs/error.h libs/stdio.h libs/stdarg.h libs/string.h | obj/libs/
#  Implicit rule search has not been done.
#  Implicit/static pattern stem: ''
#  Modification time never checked.
#  File has not been updated.
# automatic
# @ := obj/libs/printfmt.o
# automatic
# % := 
# automatic
# * := 
# automatic
# + := libs/printfmt.c libs/defs.h libs/x86.h libs/error.h libs/stdio.h libs/stdarg.h libs/string.h
# automatic
# | := 
# automatic
# < := 
# automatic
# ^ := libs/printfmt.c libs/defs.h libs/x86.h libs/error.h libs/stdio.h libs/stdarg.h libs/string.h
# automatic
# ? := 
# variable set hash-table stats:
# Load=8/32=25%, Rehash=0, Collisions=1/9=11%
#  recipe to execute (from 'Makefile', line 117):
	@echo + cc $<
	@gcc -I$(dir libs/printfmt.c) -fno-builtin -Wall -ggdb -m32 -gstabs -nostdinc  -fno-stack-protector -Ilibs/  -c $< -o $@

qemu-nox: bin/ucore.img
#  Phony target (prerequisite of .PHONY).
#  Implicit rule search has not been done.
#  File does not exist.
#  File has not been updated.
#  recipe to execute (from 'Makefile', line 217):
	$(V)$(QEMU)   -no-reboot -serial mon:stdio -hda $< -nographic

obj/boot/bootasm.d: boot/bootasm.S boot/bootasm.S boot/asm.h | obj/boot/
#  Implicit rule search has not been done.
#  Implicit/static pattern stem: ''
#  Last modified 2022-08-06 17:42:38.210466136
#  File has been updated.
#  Successfully updated.
 
# automatic
# @ := obj/boot/bootasm.d
# automatic
# % := 
# automatic
# * := 
# automatic
# + := boot/bootasm.S boot/asm.h
# automatic
# | := 
# automatic
# < := 
# automatic
# ^ := boot/bootasm.S boot/asm.h
# automatic
# ? := 
# variable set hash-table stats:
# Load=8/32=25%, Rehash=0, Collisions=1/9=11%
#  recipe to execute (from 'Makefile', line 157):
	@gcc -I$(dir boot/bootasm.S) -fno-builtin -Wall -ggdb -m32 -gstabs -nostdinc  -fno-stack-protector -Ilibs/ -Os -nostdinc -MM $< -MT "$(patsubst %.d,%.o,$@) $@"> $@

obj/kern/trap/trapentry.o: kern/trap/trapentry.S kern/trap/trapentry.S kern/mm/memlayout.h | obj/kern/trap/
#  Implicit rule search has not been done.
#  Implicit/static pattern stem: ''
#  Modification time never checked.
#  File has not been updated.
# automatic
# @ := obj/kern/trap/trapentry.o
# automatic
# % := 
# automatic
# * := 
# automatic
# + := kern/trap/trapentry.S kern/mm/memlayout.h
# automatic
# | := 
# automatic
# < := 
# automatic
# ^ := kern/trap/trapentry.S kern/mm/memlayout.h
# automatic
# ? := 
# variable set hash-table stats:
# Load=8/32=25%, Rehash=0, Collisions=1/9=11%
#  recipe to execute (from 'Makefile', line 136):
	@echo + cc $<
	@gcc -I$(dir kern/trap/trapentry.S) -fno-builtin -Wall -ggdb -m32 -gstabs -nostdinc  -fno-stack-protector -Ilibs/ -Ikern/debug/ -Ikern/driver/ -Ikern/trap/ -Ikern/mm/ -c $< -o $@

# Not a target:
kern/driver/picirq.c:
#  Implicit rule search has been done.
#  Last modified 2022-07-16 21:33:36.365863117
#  File has been updated.
#  Successfully updated.

# Not a target:
kern/trap/vectors.S:
#  Implicit rule search has been done.
#  Last modified 2022-07-24 13:46:44.284960856
#  File has been updated.
#  Successfully updated.

log: bin/ucore.img
#  Implicit rule search has not been done.
#  Modification time never checked.
#  File has not been updated.
#  recipe to execute (from 'Makefile', line 215):
	$(V)$(QEMU) -no-reboot -d int,cpu_reset  -D q.log -parallel stdio -hda $< -serial null

obj/kern/driver/:
#  Implicit rule search has not been done.
#  Last modified 2022-08-05 11:30:43.374330909
#  File has been updated.
#  Successfully updated.
#  recipe to execute (from 'Makefile', line 190):
	@mkdir -p $@

obj/kern/driver/clock.d: kern/driver/clock.c kern/driver/clock.c libs/x86.h libs/defs.h kern/trap/trap.h libs/stdio.h libs/stdarg.h kern/driver/picirq.h | obj/kern/driver/
#  Implicit rule search has not been done.
#  Implicit/static pattern stem: ''
#  Last modified 2022-08-06 17:42:38.286468788
#  File has been updated.
#  Successfully updated.
# automatic
# @ := obj/kern/driver/clock.d
# automatic
# % := 
# automatic
# * := 
# automatic
# + := kern/driver/clock.c libs/x86.h libs/defs.h kern/trap/trap.h libs/stdio.h libs/stdarg.h kern/driver/picirq.h
# automatic
# | := 
# automatic
# < := 
# automatic
# ^ := kern/driver/clock.c libs/x86.h libs/defs.h kern/trap/trap.h libs/stdio.h libs/stdarg.h kern/driver/picirq.h
# automatic
# ? := 
# variable set hash-table stats:
# Load=8/32=25%, Rehash=0, Collisions=1/9=11%
#  recipe to execute (from 'Makefile', line 136):
	@gcc -I$(dir kern/driver/clock.c) -fno-builtin -Wall -ggdb -m32 -gstabs -nostdinc  -fno-stack-protector -Ilibs/ -Ikern/debug/ -Ikern/driver/ -Ikern/trap/ -Ikern/mm/ -MM $< -MT "$(patsubst %.d,%.o,$@) $@"> $@

# Not a target:
libs/elf.h:
#  Implicit rule search has been done.
#  Last modified 2022-07-22 08:36:41.468445008
#  File has been updated.
#  Successfully updated.

obj/kern/trap/trap.d: kern/trap/trap.c kern/trap/trap.c libs/defs.h kern/mm/mmu.h kern/mm/memlayout.h kern/driver/clock.h kern/trap/trap.h libs/x86.h libs/stdio.h libs/stdarg.h kern/debug/assert.h kern/driver/console.h kern/debug/kdebug.h libs/string.h | obj/kern/trap/
#  Implicit rule search has not been done.
#  Implicit/static pattern stem: ''
#  Last modified 2022-08-06 17:42:38.254467672
#  File has been updated.
#  Successfully updated.
# automatic
# @ := obj/kern/trap/trap.d
# automatic
# % := 
# automatic
# * := 
# automatic
# + := kern/trap/trap.c libs/defs.h kern/mm/mmu.h kern/mm/memlayout.h kern/driver/clock.h kern/trap/trap.h libs/x86.h libs/stdio.h libs/stdarg.h kern/debug/assert.h kern/driver/console.h kern/debug/kdebug.h libs/string.h
# automatic
# | := 
# automatic
# < := 
# automatic
# ^ := kern/trap/trap.c libs/defs.h kern/mm/mmu.h kern/mm/memlayout.h kern/driver/clock.h kern/trap/trap.h libs/x86.h libs/stdio.h libs/stdarg.h kern/debug/assert.h kern/driver/console.h kern/debug/kdebug.h libs/string.h
# automatic
# ? := 
# variable set hash-table stats:
# Load=8/32=25%, Rehash=0, Collisions=1/9=11%
#  recipe to execute (from 'Makefile', line 136):
	@gcc -I$(dir kern/trap/trap.c) -fno-builtin -Wall -ggdb -m32 -gstabs -nostdinc  -fno-stack-protector -Ilibs/ -Ikern/debug/ -Ikern/driver/ -Ikern/trap/ -Ikern/mm/ -MM $< -MT "$(patsubst %.d,%.o,$@) $@"> $@

# Not a target:
libs/string.c:
#  Implicit rule search has been done.
#  Last modified 2022-07-16 21:33:36.365863117
#  File has been updated.
#  Successfully updated.

# files hash-table stats:
# Load=120/1024=12%, Rehash=0, Collisions=41/496=8%
# VPATH Search Paths

# No 'vpath' search paths.

# No general ('VPATH' variable) search path.

# strcache buffers: 1 (0) / strings = 181 / storage = 2460 B / avg = 13 B
# current buf: size = 8162 B / used = 2460 B / count = 181 / avg = 13 B

# strcache performance: lookups = 641 / hit rate = 71%
# hash-table stats:
# Load=181/8192=2%, Rehash=0, Collisions=20/641=3%
# Finished Make data base on Sat Aug  6 17:42:39 2022

 
